<?xml version="1.0" encoding="UTF-8"?>
<testng-results skipped="0" failed="0" ignored="0" total="1" passed="1">
  <reporter-output>
  </reporter-output>
  <suite name="Default suite" duration-ms="82956" started-at="2018-05-07T03:17:26Z" finished-at="2018-05-07T03:18:49Z">
    <groups>
    </groups>
    <test name="Default test" duration-ms="82956" started-at="2018-05-07T03:17:26Z" finished-at="2018-05-07T03:18:49Z">
      <class name="com.qsp.bigbasket_test.Bigbasket_ValidLogin_Test">
        <test-method status="PASS" signature="LoginandLogout()[pri:0, instance:com.qsp.bigbasket_test.Bigbasket_ValidLogin_Test@7a1ebcd8]" name="LoginandLogout" duration-ms="82913" started-at="2018-05-07T03:17:26Z" finished-at="2018-05-07T03:18:49Z">
          <reporter-output>
          </reporter-output>
        </test-method> <!-- LoginandLogout -->
      </class> <!-- com.qsp.bigbasket_test.Bigbasket_ValidLogin_Test -->
    </test> <!-- Default test -->
  </suite> <!-- Default suite -->
</testng-results>
